<?xml version="1.0" encoding="utf-8"?><testsuites><testsuite name="pytest" errors="0" failures="0" skipped="0" tests="10" time="1.805" timestamp="2021-11-24T19:01:47.824127" hostname="DESKTOP-BKID9LC"><testcase classname="test_unitest" name="test_nuser" time="0.040" /><testcase classname="test_unitest" name="test_confirm" time="0.007" /><testcase classname="test_unitest" name="test_infoUser" time="0.007" /><testcase classname="test_unitest" name="test_npeti" time="0.005" /><testcase classname="test_unitest" name="test_peticiones" time="0.006" /><testcase classname="test_unitest" name="test_pet_esp" time="0.014" /><testcase classname="test_unitest" name="test_pet_per" time="0.009" /><testcase classname="test_unitest" name="test_pet_comen" time="0.012" /><testcase classname="test_unitest" name="test_duser" time="0.064" /><testcase classname="test_unitest" name="test_shutdown" time="0.810" /></testsuite></testsuites>